<?xml version="1.0" encoding="UTF-8"?>
<testsuite xmlns:xsi="http://www.w3.org/2001/XMLSchema-instance" xsi:noNamespaceSchemaLocation="https://maven.apache.org/surefire/maven-surefire-plugin/xsd/surefire-test-report.xsd" version="3.0.2" name="com.streamprocessor.iot.SensorDataServiceTest" time="2.199" tests="5" errors="0" skipped="0" failures="0">
  <properties>
[...]
</properties>
  <testcase name="testSaveSensorData" classname="com.streamprocessor.iot.SensorDataServiceTest" time="2.017">
    <system-err><![CDATA[WARNING: A Java agent has been loaded dynamically (/Users/renu/.m2/repository/net/bytebuddy/byte-buddy-agent/1.14.18/byte-buddy-agent-1.14.18.jar)
WARNING: If a serviceability tool is in use, please run with -XX:+EnableDynamicAgentLoading to hide this warning
WARNING: If a serviceability tool is not in use, please run with -Djdk.instrument.traceUsage for more information
WARNING: Dynamic loading of agents will be disallowed by default in a future release
]]></system-err>
  </testcase>
  <testcase name="testGetSensorDataMinValue" classname="com.streamprocessor.iot.SensorDataServiceTest" time="0.047">
    <system-out><![CDATA[minimum value 10.0
]]></system-out>
  </testcase>
  <testcase name="testGetSensorDataMedianValue" classname="com.streamprocessor.iot.SensorDataServiceTest" time="0.012">
    <system-out><![CDATA[Median of the reader is 20.0
]]></system-out>
  </testcase>
  <testcase name="testGetSensorDataMaxValue" classname="com.streamprocessor.iot.SensorDataServiceTest" time="0.011">
    <system-out><![CDATA[Maximum value is  30.0
]]></system-out>
  </testcase>
  <testcase name="testGetSensorDataAvgValue" classname="com.streamprocessor.iot.SensorDataServiceTest" time="0.008">
    <system-out><![CDATA[Average value is 20.0
]]></system-out>
  </testcase>
</testsuite>